0 info it worked if it ends with ok
1 verbose cli [ '/Users/yc04832/.nvm/versions/node/v4.2.2/bin/node',
1 verbose cli   '/Users/yc04832/.nvm/versions/node/v4.2.2/bin/npm',
1 verbose cli   'run',
1 verbose cli   'start:messenger' ]
2 info using npm@2.14.7
3 info using node@v4.2.2
4 verbose run-script [ 'prestart:messenger',
4 verbose run-script   'start:messenger',
4 verbose run-script   'poststart:messenger' ]
5 info prestart:messenger node-wit@3.2.2
6 info start:messenger node-wit@3.2.2
7 verbose unsafe-perm in lifecycle true
8 info node-wit@3.2.2 Failed to exec start:messenger script
9 verbose stack Error: node-wit@3.2.2 start:messenger: `WIT_TOKEN=POI5HQTKUKYLX47DBFL2LL6WQ4EV7YTE FB_PAGE_ID=Sample-bot-1-1611807809138554 FB_PAGE_TOKEN=EAALgbUKJv58BAI36eZCr0OJmboZACTbZAE4L9V9UsbYrWyeeMXhaYNJG9RhnpJvTmXVB5JBsFq2JKYEfEwnGJ62q7m7oECWDA8vC5JtVs6y3uUZCV6p8CFylQzxmH6ywawbTGn7SZAq0ZAB7GYNxpZAZCshFl0N6oPV2PyZCelBWmfEw8jPZB3LZBSr FB_VERIFY_TOKEN=i_am_awesome node examples/messenger.js`
9 verbose stack Exit status 1
9 verbose stack     at EventEmitter.<anonymous> (/Users/yc04832/.nvm/versions/node/v4.2.2/lib/node_modules/npm/lib/utils/lifecycle.js:214:16)
9 verbose stack     at emitTwo (events.js:87:13)
9 verbose stack     at EventEmitter.emit (events.js:172:7)
9 verbose stack     at ChildProcess.<anonymous> (/Users/yc04832/.nvm/versions/node/v4.2.2/lib/node_modules/npm/lib/utils/spawn.js:24:14)
9 verbose stack     at emitTwo (events.js:87:13)
9 verbose stack     at ChildProcess.emit (events.js:172:7)
9 verbose stack     at maybeClose (internal/child_process.js:818:16)
9 verbose stack     at Process.ChildProcess._handle.onexit (internal/child_process.js:211:5)
10 verbose pkgid node-wit@3.2.2
11 verbose cwd /Users/yc04832/Projects/Nisum/Macys/hackaton-2016/node-wit
12 error Darwin 15.0.0
13 error argv "/Users/yc04832/.nvm/versions/node/v4.2.2/bin/node" "/Users/yc04832/.nvm/versions/node/v4.2.2/bin/npm" "run" "start:messenger"
14 error node v4.2.2
15 error npm  v2.14.7
16 error code ELIFECYCLE
17 error node-wit@3.2.2 start:messenger: `WIT_TOKEN=POI5HQTKUKYLX47DBFL2LL6WQ4EV7YTE FB_PAGE_ID=Sample-bot-1-1611807809138554 FB_PAGE_TOKEN=EAALgbUKJv58BAI36eZCr0OJmboZACTbZAE4L9V9UsbYrWyeeMXhaYNJG9RhnpJvTmXVB5JBsFq2JKYEfEwnGJ62q7m7oECWDA8vC5JtVs6y3uUZCV6p8CFylQzxmH6ywawbTGn7SZAq0ZAB7GYNxpZAZCshFl0N6oPV2PyZCelBWmfEw8jPZB3LZBSr FB_VERIFY_TOKEN=i_am_awesome node examples/messenger.js`
17 error Exit status 1
18 error Failed at the node-wit@3.2.2 start:messenger script 'WIT_TOKEN=POI5HQTKUKYLX47DBFL2LL6WQ4EV7YTE FB_PAGE_ID=Sample-bot-1-1611807809138554 FB_PAGE_TOKEN=EAALgbUKJv58BAI36eZCr0OJmboZACTbZAE4L9V9UsbYrWyeeMXhaYNJG9RhnpJvTmXVB5JBsFq2JKYEfEwnGJ62q7m7oECWDA8vC5JtVs6y3uUZCV6p8CFylQzxmH6ywawbTGn7SZAq0ZAB7GYNxpZAZCshFl0N6oPV2PyZCelBWmfEw8jPZB3LZBSr FB_VERIFY_TOKEN=i_am_awesome node examples/messenger.js'.
18 error This is most likely a problem with the node-wit package,
18 error not with npm itself.
18 error Tell the author that this fails on your system:
18 error     WIT_TOKEN=POI5HQTKUKYLX47DBFL2LL6WQ4EV7YTE FB_PAGE_ID=Sample-bot-1-1611807809138554 FB_PAGE_TOKEN=EAALgbUKJv58BAI36eZCr0OJmboZACTbZAE4L9V9UsbYrWyeeMXhaYNJG9RhnpJvTmXVB5JBsFq2JKYEfEwnGJ62q7m7oECWDA8vC5JtVs6y3uUZCV6p8CFylQzxmH6ywawbTGn7SZAq0ZAB7GYNxpZAZCshFl0N6oPV2PyZCelBWmfEw8jPZB3LZBSr FB_VERIFY_TOKEN=i_am_awesome node examples/messenger.js
18 error You can get their info via:
18 error     npm owner ls node-wit
18 error There is likely additional logging output above.
19 verbose exit [ 1, true ]
